<?xml version="1.0" encoding="UTF-8"?>
<testsuite name="ru.task.bankemulation.service.TransactionTest" time="0.059" tests="3" errors="0" skipped="0" failures="2">
  <properties>
[...]
</properties>
  <testcase name="taxInternationalTransaction" classname="ru.task.bankemulation.service.TransactionTest" time="0.025"/>
  <testcase name="taxNationalTransaction" classname="ru.task.bankemulation.service.TransactionTest" time="0.024">
    <failure message="failure - Tax in a national transaction with amount: 100.0 is expected to be 1% expected:&lt;5.0&gt; but was:&lt;1.0&gt;" type="java.lang.AssertionError"><![CDATA[java.lang.AssertionError: failure - Tax in a national transaction with amount: 100.0 is expected to be 1% expected:<5.0> but was:<1.0>
	at org.junit.Assert.fail(Assert.java:88)
	at org.junit.Assert.failNotEquals(Assert.java:834)
	at org.junit.Assert.assertEquals(Assert.java:553)
	at ru.task.bankemulation.service.TransactionTest.taxNationalTransaction(TransactionTest.java:81)
]]></failure>
    <system-out><![CDATA[[INFO ] 2017-08-15 11:33:48.691 Transaction id: 2, status: SUCCESS, Amount: 100.0, Source account: 100009, Target Account: 100011, Tax: 5.0, Type: INTERNATIONAL.
]]></system-out>
  </testcase>
  <testcase name="taxNationalTransactionSameBank" classname="ru.task.bankemulation.service.TransactionTest" time="0.01">
    <failure message="failure - Tax between same back is expected to be zero expected:&lt;5.0&gt; but was:&lt;0.0&gt;" type="java.lang.AssertionError"><![CDATA[java.lang.AssertionError: failure - Tax between same back is expected to be zero expected:<5.0> but was:<0.0>
	at org.junit.Assert.fail(Assert.java:88)
	at org.junit.Assert.failNotEquals(Assert.java:834)
	at org.junit.Assert.assertEquals(Assert.java:553)
	at ru.task.bankemulation.service.TransactionTest.taxNationalTransactionSameBank(TransactionTest.java:62)
]]></failure>
    <system-out><![CDATA[[INFO ] 2017-08-15 11:33:48.715 Transaction id: 3, status: SUCCESS, Amount: 100.0, Source account: 100013, Target Account: 100014, Tax: 5.0, Type: INTERNATIONAL.
]]></system-out>
  </testcase>
</testsuite>